<?xml version="1.0" encoding="UTF-8"?>
<!-- Generated by org.testng.reporters.JUnitReportReporter -->
<testsuite hostname="ASUS-PC" name="testngworks.TestNgBasic3" tests="3" failures="0" timestamp="3 May 2020 18:51:19 GMT" time="67.145" errors="0">
  <testcase name="primusUsers" time="19.357" classname="testngworks.TestNgBasic3"/>
  <testcase name="primusEmployee" time="26.154" classname="testngworks.TestNgBasic3"/>
  <testcase name="primusBranches" time="21.634" classname="testngworks.TestNgBasic3"/>
</testsuite> <!-- testngworks.TestNgBasic3 -->
