<?xml version="1.0" encoding="UTF-8"?>
<!-- Generated by org.testng.reporters.JUnitReportReporter -->
<testsuite hostname="ASUS-PC" name="testngworks.TestNgBasic1" tests="2" failures="0" timestamp="3 May 2020 18:51:19 GMT" time="0.047" errors="0">
  <testcase name="testCase2" time="0.000" classname="testngworks.TestNgBasic1"/>
  <testcase name="testCase1" time="0.047" classname="testngworks.TestNgBasic1"/>
</testsuite> <!-- testngworks.TestNgBasic1 -->
