<?xml version="1.0" encoding="UTF-8"?>
<!-- Generated by org.testng.reporters.JUnitReportReporter -->
<testsuite skipped="0" hostname="ASUS-PC" name="testngworks.TestNgParameter" tests="1" failures="0" timestamp="27 Apr 2020 20:31:35 GMT" time="186.547" errors="0">
  <testcase name="logIn" time="186.547" classname="testngworks.TestNgParameter"/>
</testsuite> <!-- testngworks.TestNgParameter -->
