<?xml version="1.0" encoding="UTF-8"?>
<!-- Generated by org.testng.reporters.JUnitReportReporter -->
<testsuite skipped="0" hostname="ASUS-PC" name="testngworks.TestNgGrouping" tests="6" failures="0" timestamp="26 Apr 2020 17:56:44 GMT" time="0.081" errors="0">
  <testcase name="test2" time="0.038" classname="testngworks.TestNgGrouping"/>
  <testcase name="test1" time="0.004" classname="testngworks.TestNgGrouping"/>
  <testcase name="test3" time="0.006" classname="testngworks.TestNgGrouping"/>
  <testcase name="logIn" time="0.006" classname="testngworks.TestNgGrouping"/>
  <testcase name="demo" time="0.018" classname="testngworks.TestNgGrouping"/>
  <testcase name="demo1" time="0.009" classname="testngworks.TestNgGrouping"/>
</testsuite> <!-- testngworks.TestNgGrouping -->
