<?xml version="1.0" encoding="UTF-8"?>
<!-- Generated by org.testng.reporters.JUnitReportReporter -->
<testsuite hostname="ASUS-PC" name="testngworks.Demo" tests="2" failures="0" timestamp="30 Apr 2020 01:47:36 GMT" time="268.256" errors="0">
  <testcase name="verifyTitle" time="102.426" classname="testngworks.Demo"/>
  <testcase name="failTest" time="165.830" classname="testngworks.Demo"/>
</testsuite> <!-- testngworks.Demo -->
