<?xml version="1.0" encoding="UTF-8"?>
<!-- Generated by org.testng.reporters.JUnitReportReporter -->
<testsuite hostname="ASUS-PC" name="testngworks.TestNgGrouping" tests="6" failures="0" timestamp="10 Jun 2020 21:09:17 GMT" time="0.062" errors="0">
  <testcase name="demo1" time="0.016" classname="testngworks.TestNgGrouping"/>
  <testcase name="demo" time="0.016" classname="testngworks.TestNgGrouping"/>
  <testcase name="test1" time="0.000" classname="testngworks.TestNgGrouping"/>
  <testcase name="test2" time="0.015" classname="testngworks.TestNgGrouping"/>
  <testcase name="logIn" time="0.015" classname="testngworks.TestNgGrouping"/>
  <testcase name="test3" time="0.000" classname="testngworks.TestNgGrouping"/>
</testsuite> <!-- testngworks.TestNgGrouping -->
