<?xml version="1.0" encoding="UTF-8"?>
<!-- Generated by org.testng.reporters.JUnitReportReporter -->
<testsuite hostname="ASUS-PC" name="com.ExtentReport.ReportStyle1" tests="1" failures="0" timestamp="9 May 2020 01:25:14 GMT" time="2.064" errors="0">
  <testcase name="logIn" time="2.064" classname="com.ExtentReport.ReportStyle1"/>
</testsuite> <!-- com.ExtentReport.ReportStyle1 -->
