<?xml version="1.0" encoding="UTF-8"?>
<!-- Generated by org.testng.reporters.JUnitReportReporter -->
<testsuite skipped="0" hostname="ASUS-PC" name="testngworks.TestNgLoop" tests="4" failures="0" timestamp="24 Apr 2020 00:27:39 GMT" time="79.884" errors="0">
  <testcase name="Login" time="22.073" classname="testngworks.TestNgLoop"/>
  <testcase name="Login" time="29.143" classname="testngworks.TestNgLoop"/>
  <testcase name="Login" time="12.837" classname="testngworks.TestNgLoop"/>
  <testcase name="Login" time="15.831" classname="testngworks.TestNgLoop"/>
</testsuite> <!-- testngworks.TestNgLoop -->
