<?xml version="1.0" encoding="UTF-8"?>
<!-- Generated by org.testng.reporters.JUnitReportReporter -->
<testsuite hostname="ASUS-PC" name="com.ExtentReport.FailScrOwn" tests="1" failures="0" timestamp="16 May 2020 17:44:03 GMT" time="123.143" errors="0">
  <testcase name="login" time="123.143" classname="com.ExtentReport.FailScrOwn"/>
</testsuite> <!-- com.ExtentReport.FailScrOwn -->
