<?xml version="1.0" encoding="UTF-8"?>
<!-- Generated by org.testng.reporters.JUnitReportReporter -->
<testsuite skipped="0" hostname="ASUS-PC" name="testngworks.testNgAssert" tests="3" failures="0" timestamp="26 Apr 2020 21:33:14 GMT" time="83.037" errors="0">
  <testcase name="conditionFalse" time="21.820" classname="testngworks.testNgAssert"/>
  <testcase name="logoDisplay" time="33.669" classname="testngworks.testNgAssert"/>
  <testcase name="googleTitle" time="27.548" classname="testngworks.testNgAssert"/>
</testsuite> <!-- testngworks.testNgAssert -->
