<?xml version="1.0" encoding="UTF-8"?>
<!-- Generated by org.testng.reporters.JUnitReportReporter -->
<testsuite hostname="ASUS-PC" name="com.ApachePoi.TestNgLogin_Report_Orange" tests="1" failures="0" timestamp="7 May 2020 00:22:11 GMT" time="63.158" errors="0">
  <testcase name="logIn" time="63.158" classname="com.ApachePoi.TestNgLogin_Report_Orange"/>
</testsuite> <!-- com.ApachePoi.TestNgLogin_Report_Orange -->
