<?xml version="1.0" encoding="UTF-8"?>
<!-- Generated by org.testng.reporters.JUnitReportReporter -->
<testsuite skipped="0" hostname="ASUS-PC" name="testngworks.TestNgExpException" tests="1" failures="0" timestamp="26 Apr 2020 18:56:39 GMT" time="0.109" errors="0">
  <testcase name="Conversion" time="0.109" classname="testngworks.TestNgExpException"/>
</testsuite> <!-- testngworks.TestNgExpException -->
