<?xml version="1.0" encoding="UTF-8"?>
<!-- Generated by org.testng.reporters.JUnitReportReporter -->
<testsuite skipped="0" hostname="ASUS-PC" name="testngworks.Demo1" tests="2" failures="0" timestamp="23 Apr 2020 16:30:07 GMT" time="0.023" errors="0">
  <testcase name="testCase2" time="0.008" classname="testngworks.Demo1"/>
  <testcase name="testCase1" time="0.015" classname="testngworks.Demo1"/>
</testsuite> <!-- testngworks.Demo1 -->
