<?xml version="1.0" encoding="UTF-8"?>
<!-- Generated by org.testng.reporters.JUnitReportReporter -->
<testsuite hostname="ASUS-PC" name="testngworks.Trail" tests="3" failures="0" timestamp="30 Apr 2020 13:06:53 GMT" time="79.171" errors="0">
  <testcase name="branches" time="22.133" classname="testngworks.Trail"/>
  <testcase name="users" time="27.588" classname="testngworks.Trail"/>
  <testcase name="roles" time="29.450" classname="testngworks.Trail"/>
</testsuite> <!-- testngworks.Trail -->
