<?xml version="1.0" encoding="UTF-8"?>
<!-- Generated by org.testng.reporters.JUnitReportReporter -->
<testsuite skipped="0" hostname="ASUS-PC" name="testngworks.NewTest" tests="1" failures="0" timestamp="23 Apr 2020 16:29:45 GMT" time="0.017" errors="0">
  <testcase name="f" time="0.017" classname="testngworks.NewTest"/>
</testsuite> <!-- testngworks.NewTest -->
