<?xml version="1.0" encoding="UTF-8"?>
<!-- Generated by org.testng.reporters.JUnitReportReporter -->
<testsuite skipped="0" hostname="ASUS-PC" name="testngworks.Hello" tests="3" failures="0" timestamp="25 Apr 2020 14:35:56 GMT" time="0.025" errors="0">
  <testcase name="compose" time="0.015" classname="testngworks.Hello"/>
  <testcase name="forward" time="0.005" classname="testngworks.Hello"/>
  <testcase name="login" time="0.005" classname="testngworks.Hello"/>
</testsuite> <!-- testngworks.Hello -->
