<?xml version="1.0" encoding="UTF-8"?>
<!-- Generated by org.testng.reporters.JUnitReportReporter -->
<testsuite skipped="0" hostname="ASUS-PC" name="testngworks.TestNgBasic4" tests="4" failures="0" timestamp="23 Apr 2020 23:47:33 GMT" time="222.379" errors="0">
  <testcase name="Login" time="112.117" classname="testngworks.TestNgBasic4"/>
  <testcase name="Login" time="33.900" classname="testngworks.TestNgBasic4"/>
  <testcase name="Login" time="27.505" classname="testngworks.TestNgBasic4"/>
  <testcase name="Login" time="48.857" classname="testngworks.TestNgBasic4"/>
</testsuite> <!-- testngworks.TestNgBasic4 -->
